ARM GAS  C:\Users\Kagen\AppData\Local\Temp\ccA255ou.s 			page 1


   1              		.cpu cortex-m4
   2              		.arch armv7e-m
   3              		.fpu fpv4-sp-d16
   4              		.eabi_attribute 27, 1
   5              		.eabi_attribute 28, 1
   6              		.eabi_attribute 20, 1
   7              		.eabi_attribute 21, 1
   8              		.eabi_attribute 23, 3
   9              		.eabi_attribute 24, 1
  10              		.eabi_attribute 25, 1
  11              		.eabi_attribute 26, 1
  12              		.eabi_attribute 30, 1
  13              		.eabi_attribute 34, 1
  14              		.eabi_attribute 18, 4
  15              		.file	"gpio.c"
  16              		.text
  17              	.Ltext0:
  18              		.cfi_sections	.debug_frame
  19              		.file 1 "Core/Src/gpio.c"
  20              		.section	.text.MX_GPIO_Init,"ax",%progbits
  21              		.align	1
  22              		.global	MX_GPIO_Init
  23              		.syntax unified
  24              		.thumb
  25              		.thumb_func
  27              	MX_GPIO_Init:
  28              	.LFB134:
   1:Core/Src/gpio.c **** /* USER CODE BEGIN Header */
   2:Core/Src/gpio.c **** /**
   3:Core/Src/gpio.c ****   ******************************************************************************
   4:Core/Src/gpio.c ****   * @file    gpio.c
   5:Core/Src/gpio.c ****   * @brief   This file provides code for the configuration
   6:Core/Src/gpio.c ****   *          of all used GPIO pins.
   7:Core/Src/gpio.c ****   ******************************************************************************
   8:Core/Src/gpio.c ****   * @attention
   9:Core/Src/gpio.c ****   *
  10:Core/Src/gpio.c ****   * Copyright (c) 2024 STMicroelectronics.
  11:Core/Src/gpio.c ****   * All rights reserved.
  12:Core/Src/gpio.c ****   *
  13:Core/Src/gpio.c ****   * This software is licensed under terms that can be found in the LICENSE file
  14:Core/Src/gpio.c ****   * in the root directory of this software component.
  15:Core/Src/gpio.c ****   * If no LICENSE file comes with this software, it is provided AS-IS.
  16:Core/Src/gpio.c ****   *
  17:Core/Src/gpio.c ****   ******************************************************************************
  18:Core/Src/gpio.c ****   */
  19:Core/Src/gpio.c **** /* USER CODE END Header */
  20:Core/Src/gpio.c **** 
  21:Core/Src/gpio.c **** /* Includes ------------------------------------------------------------------*/
  22:Core/Src/gpio.c **** #include "gpio.h"
  23:Core/Src/gpio.c **** #include "stm32f4xx_hal_gpio.h"
  24:Core/Src/gpio.c **** #include "main.h"
  25:Core/Src/gpio.c **** 
  26:Core/Src/gpio.c **** /* USER CODE BEGIN 0 */
  27:Core/Src/gpio.c **** 
  28:Core/Src/gpio.c **** /* USER CODE END 0 */
  29:Core/Src/gpio.c **** 
  30:Core/Src/gpio.c **** /*----------------------------------------------------------------------------*/
ARM GAS  C:\Users\Kagen\AppData\Local\Temp\ccA255ou.s 			page 2


  31:Core/Src/gpio.c **** /* Configure GPIO                                                             */
  32:Core/Src/gpio.c **** /*----------------------------------------------------------------------------*/
  33:Core/Src/gpio.c **** /* USER CODE BEGIN 1 */
  34:Core/Src/gpio.c **** 
  35:Core/Src/gpio.c **** /* USER CODE END 1 */
  36:Core/Src/gpio.c **** 
  37:Core/Src/gpio.c **** /** Configure pins as
  38:Core/Src/gpio.c ****         * Analog
  39:Core/Src/gpio.c ****         * Input
  40:Core/Src/gpio.c ****         * Output
  41:Core/Src/gpio.c ****         * EVENT_OUT
  42:Core/Src/gpio.c ****         * EXTI
  43:Core/Src/gpio.c **** */
  44:Core/Src/gpio.c **** void MX_GPIO_Init(void)
  45:Core/Src/gpio.c **** {
  29              		.loc 1 45 1 view -0
  30              		.cfi_startproc
  31              		@ args = 0, pretend = 0, frame = 40
  32              		@ frame_needed = 0, uses_anonymous_args = 0
  33 0000 F0B5     		push	{r4, r5, r6, r7, lr}
  34              	.LCFI0:
  35              		.cfi_def_cfa_offset 20
  36              		.cfi_offset 4, -20
  37              		.cfi_offset 5, -16
  38              		.cfi_offset 6, -12
  39              		.cfi_offset 7, -8
  40              		.cfi_offset 14, -4
  41 0002 8BB0     		sub	sp, sp, #44
  42              	.LCFI1:
  43              		.cfi_def_cfa_offset 64
  46:Core/Src/gpio.c **** 
  47:Core/Src/gpio.c ****   GPIO_InitTypeDef GPIO_InitStruct = {0};
  44              		.loc 1 47 3 view .LVU1
  45              		.loc 1 47 20 is_stmt 0 view .LVU2
  46 0004 0024     		movs	r4, #0
  47 0006 0594     		str	r4, [sp, #20]
  48 0008 0694     		str	r4, [sp, #24]
  49 000a 0794     		str	r4, [sp, #28]
  50 000c 0894     		str	r4, [sp, #32]
  51 000e 0994     		str	r4, [sp, #36]
  48:Core/Src/gpio.c **** 
  49:Core/Src/gpio.c ****   /* GPIO Ports Clock Enable */
  50:Core/Src/gpio.c ****   __HAL_RCC_GPIOE_CLK_ENABLE();
  52              		.loc 1 50 3 is_stmt 1 view .LVU3
  53              	.LBB2:
  54              		.loc 1 50 3 view .LVU4
  55 0010 0094     		str	r4, [sp]
  56              		.loc 1 50 3 view .LVU5
  57 0012 2E4B     		ldr	r3, .L3
  58 0014 1A6B     		ldr	r2, [r3, #48]
  59 0016 42F01002 		orr	r2, r2, #16
  60 001a 1A63     		str	r2, [r3, #48]
  61              		.loc 1 50 3 view .LVU6
  62 001c 1A6B     		ldr	r2, [r3, #48]
  63 001e 02F01002 		and	r2, r2, #16
  64 0022 0092     		str	r2, [sp]
  65              		.loc 1 50 3 view .LVU7
ARM GAS  C:\Users\Kagen\AppData\Local\Temp\ccA255ou.s 			page 3


  66 0024 009A     		ldr	r2, [sp]
  67              	.LBE2:
  68              		.loc 1 50 3 view .LVU8
  51:Core/Src/gpio.c ****   __HAL_RCC_GPIOC_CLK_ENABLE();
  69              		.loc 1 51 3 view .LVU9
  70              	.LBB3:
  71              		.loc 1 51 3 view .LVU10
  72 0026 0194     		str	r4, [sp, #4]
  73              		.loc 1 51 3 view .LVU11
  74 0028 1A6B     		ldr	r2, [r3, #48]
  75 002a 42F00402 		orr	r2, r2, #4
  76 002e 1A63     		str	r2, [r3, #48]
  77              		.loc 1 51 3 view .LVU12
  78 0030 1A6B     		ldr	r2, [r3, #48]
  79 0032 02F00402 		and	r2, r2, #4
  80 0036 0192     		str	r2, [sp, #4]
  81              		.loc 1 51 3 view .LVU13
  82 0038 019A     		ldr	r2, [sp, #4]
  83              	.LBE3:
  84              		.loc 1 51 3 view .LVU14
  52:Core/Src/gpio.c ****   __HAL_RCC_GPIOH_CLK_ENABLE();
  85              		.loc 1 52 3 view .LVU15
  86              	.LBB4:
  87              		.loc 1 52 3 view .LVU16
  88 003a 0294     		str	r4, [sp, #8]
  89              		.loc 1 52 3 view .LVU17
  90 003c 1A6B     		ldr	r2, [r3, #48]
  91 003e 42F08002 		orr	r2, r2, #128
  92 0042 1A63     		str	r2, [r3, #48]
  93              		.loc 1 52 3 view .LVU18
  94 0044 1A6B     		ldr	r2, [r3, #48]
  95 0046 02F08002 		and	r2, r2, #128
  96 004a 0292     		str	r2, [sp, #8]
  97              		.loc 1 52 3 view .LVU19
  98 004c 029A     		ldr	r2, [sp, #8]
  99              	.LBE4:
 100              		.loc 1 52 3 view .LVU20
  53:Core/Src/gpio.c ****   __HAL_RCC_GPIOA_CLK_ENABLE();
 101              		.loc 1 53 3 view .LVU21
 102              	.LBB5:
 103              		.loc 1 53 3 view .LVU22
 104 004e 0394     		str	r4, [sp, #12]
 105              		.loc 1 53 3 view .LVU23
 106 0050 1A6B     		ldr	r2, [r3, #48]
 107 0052 42F00102 		orr	r2, r2, #1
 108 0056 1A63     		str	r2, [r3, #48]
 109              		.loc 1 53 3 view .LVU24
 110 0058 1A6B     		ldr	r2, [r3, #48]
 111 005a 02F00102 		and	r2, r2, #1
 112 005e 0392     		str	r2, [sp, #12]
 113              		.loc 1 53 3 view .LVU25
 114 0060 039A     		ldr	r2, [sp, #12]
 115              	.LBE5:
 116              		.loc 1 53 3 view .LVU26
  54:Core/Src/gpio.c ****   __HAL_RCC_GPIOB_CLK_ENABLE();
 117              		.loc 1 54 3 view .LVU27
 118              	.LBB6:
ARM GAS  C:\Users\Kagen\AppData\Local\Temp\ccA255ou.s 			page 4


 119              		.loc 1 54 3 view .LVU28
 120 0062 0494     		str	r4, [sp, #16]
 121              		.loc 1 54 3 view .LVU29
 122 0064 1A6B     		ldr	r2, [r3, #48]
 123 0066 42F00202 		orr	r2, r2, #2
 124 006a 1A63     		str	r2, [r3, #48]
 125              		.loc 1 54 3 view .LVU30
 126 006c 1B6B     		ldr	r3, [r3, #48]
 127 006e 03F00203 		and	r3, r3, #2
 128 0072 0493     		str	r3, [sp, #16]
 129              		.loc 1 54 3 view .LVU31
 130 0074 049B     		ldr	r3, [sp, #16]
 131              	.LBE6:
 132              		.loc 1 54 3 view .LVU32
  55:Core/Src/gpio.c **** 
  56:Core/Src/gpio.c ****   /*Configure GPIO pin Output Level */
  57:Core/Src/gpio.c ****   HAL_GPIO_WritePin(GPIOA, D1_Pin|D3_Pin, GPIO_PIN_RESET);
 133              		.loc 1 57 3 view .LVU33
 134 0076 164F     		ldr	r7, .L3+4
 135 0078 2246     		mov	r2, r4
 136 007a C021     		movs	r1, #192
 137 007c 3846     		mov	r0, r7
 138 007e FFF7FEFF 		bl	HAL_GPIO_WritePin
 139              	.LVL0:
  58:Core/Src/gpio.c **** 
  59:Core/Src/gpio.c ****   /*Configure GPIO pin Output Level */
  60:Core/Src/gpio.c ****   HAL_GPIO_WritePin(GPIOB, MFB_Pin|rst_pin, GPIO_PIN_RESET);
 140              		.loc 1 60 3 view .LVU34
 141 0082 144D     		ldr	r5, .L3+8
 142 0084 2246     		mov	r2, r4
 143 0086 4FF44071 		mov	r1, #768
 144 008a 2846     		mov	r0, r5
 145 008c FFF7FEFF 		bl	HAL_GPIO_WritePin
 146              	.LVL1:
  61:Core/Src/gpio.c **** 
  62:Core/Src/gpio.c ****   /*Configure GPIO pins : PEPin PEPin */
  63:Core/Src/gpio.c ****   GPIO_InitStruct.Pin = K1_Pin|K0_Pin;
 147              		.loc 1 63 3 view .LVU35
 148              		.loc 1 63 23 is_stmt 0 view .LVU36
 149 0090 1823     		movs	r3, #24
 150 0092 0593     		str	r3, [sp, #20]
  64:Core/Src/gpio.c ****   GPIO_InitStruct.Mode = GPIO_MODE_INPUT;
 151              		.loc 1 64 3 is_stmt 1 view .LVU37
 152              		.loc 1 64 24 is_stmt 0 view .LVU38
 153 0094 0694     		str	r4, [sp, #24]
  65:Core/Src/gpio.c ****   GPIO_InitStruct.Pull = GPIO_NOPULL;
 154              		.loc 1 65 3 is_stmt 1 view .LVU39
 155              		.loc 1 65 24 is_stmt 0 view .LVU40
 156 0096 0794     		str	r4, [sp, #28]
  66:Core/Src/gpio.c ****   HAL_GPIO_Init(GPIOE, &GPIO_InitStruct);
 157              		.loc 1 66 3 is_stmt 1 view .LVU41
 158 0098 05A9     		add	r1, sp, #20
 159 009a 0F48     		ldr	r0, .L3+12
 160 009c FFF7FEFF 		bl	HAL_GPIO_Init
 161              	.LVL2:
  67:Core/Src/gpio.c **** 
  68:Core/Src/gpio.c ****   /*Configure GPIO pins : PAPin PAPin */
ARM GAS  C:\Users\Kagen\AppData\Local\Temp\ccA255ou.s 			page 5


  69:Core/Src/gpio.c ****   GPIO_InitStruct.Pin = D1_Pin|D3_Pin;
 162              		.loc 1 69 3 view .LVU42
 163              		.loc 1 69 23 is_stmt 0 view .LVU43
 164 00a0 C023     		movs	r3, #192
 165 00a2 0593     		str	r3, [sp, #20]
  70:Core/Src/gpio.c ****   GPIO_InitStruct.Mode = GPIO_MODE_OUTPUT_PP;
 166              		.loc 1 70 3 is_stmt 1 view .LVU44
 167              		.loc 1 70 24 is_stmt 0 view .LVU45
 168 00a4 0126     		movs	r6, #1
 169 00a6 0696     		str	r6, [sp, #24]
  71:Core/Src/gpio.c ****   GPIO_InitStruct.Pull = GPIO_NOPULL;
 170              		.loc 1 71 3 is_stmt 1 view .LVU46
 171              		.loc 1 71 24 is_stmt 0 view .LVU47
 172 00a8 0794     		str	r4, [sp, #28]
  72:Core/Src/gpio.c ****   GPIO_InitStruct.Speed = GPIO_SPEED_FREQ_LOW;
 173              		.loc 1 72 3 is_stmt 1 view .LVU48
 174              		.loc 1 72 25 is_stmt 0 view .LVU49
 175 00aa 0894     		str	r4, [sp, #32]
  73:Core/Src/gpio.c ****   HAL_GPIO_Init(GPIOA, &GPIO_InitStruct);
 176              		.loc 1 73 3 is_stmt 1 view .LVU50
 177 00ac 05A9     		add	r1, sp, #20
 178 00ae 3846     		mov	r0, r7
 179 00b0 FFF7FEFF 		bl	HAL_GPIO_Init
 180              	.LVL3:
  74:Core/Src/gpio.c **** 
  75:Core/Src/gpio.c ****   /*Configure GPIO pins : PBPin PBPin */
  76:Core/Src/gpio.c ****   GPIO_InitStruct.Pin = MFB_Pin|rst_pin;
 181              		.loc 1 76 3 view .LVU51
 182              		.loc 1 76 23 is_stmt 0 view .LVU52
 183 00b4 4FF44073 		mov	r3, #768
 184 00b8 0593     		str	r3, [sp, #20]
  77:Core/Src/gpio.c ****   GPIO_InitStruct.Mode = GPIO_MODE_OUTPUT_PP;
 185              		.loc 1 77 3 is_stmt 1 view .LVU53
 186              		.loc 1 77 24 is_stmt 0 view .LVU54
 187 00ba 0696     		str	r6, [sp, #24]
  78:Core/Src/gpio.c ****   GPIO_InitStruct.Pull = GPIO_NOPULL;
 188              		.loc 1 78 3 is_stmt 1 view .LVU55
 189              		.loc 1 78 24 is_stmt 0 view .LVU56
 190 00bc 0794     		str	r4, [sp, #28]
  79:Core/Src/gpio.c ****   GPIO_InitStruct.Speed = GPIO_SPEED_FREQ_LOW;
 191              		.loc 1 79 3 is_stmt 1 view .LVU57
 192              		.loc 1 79 25 is_stmt 0 view .LVU58
 193 00be 0894     		str	r4, [sp, #32]
  80:Core/Src/gpio.c ****   HAL_GPIO_Init(GPIOB, &GPIO_InitStruct);
 194              		.loc 1 80 3 is_stmt 1 view .LVU59
 195 00c0 05A9     		add	r1, sp, #20
 196 00c2 2846     		mov	r0, r5
 197 00c4 FFF7FEFF 		bl	HAL_GPIO_Init
 198              	.LVL4:
  81:Core/Src/gpio.c **** 
  82:Core/Src/gpio.c **** }
 199              		.loc 1 82 1 is_stmt 0 view .LVU60
 200 00c8 0BB0     		add	sp, sp, #44
 201              	.LCFI2:
 202              		.cfi_def_cfa_offset 20
 203              		@ sp needed
 204 00ca F0BD     		pop	{r4, r5, r6, r7, pc}
ARM GAS  C:\Users\Kagen\AppData\Local\Temp\ccA255ou.s 			page 6


 205              	.L4:
 206              		.align	2
 207              	.L3:
 208 00cc 00380240 		.word	1073887232
 209 00d0 00000240 		.word	1073872896
 210 00d4 00040240 		.word	1073873920
 211 00d8 00100240 		.word	1073876992
 212              		.cfi_endproc
 213              	.LFE134:
 215              		.text
 216              	.Letext0:
 217              		.file 2 "C:\\ST\\STM32CubeCLT_1.15.1\\GNU-tools-for-STM32\\bin/../lib/gcc/arm-none-eabi/12.3.1/../
 218              		.file 3 "C:\\ST\\STM32CubeCLT_1.15.1\\GNU-tools-for-STM32\\bin/../lib/gcc/arm-none-eabi/12.3.1/../
 219              		.file 4 "Drivers/CMSIS/Device/ST/STM32F4xx/Include/stm32f407xx.h"
 220              		.file 5 "Drivers/STM32F4xx_HAL_Driver/Inc/stm32f4xx_hal_gpio.h"
ARM GAS  C:\Users\Kagen\AppData\Local\Temp\ccA255ou.s 			page 7


DEFINED SYMBOLS
                            *ABS*:00000000 gpio.c
C:\Users\Kagen\AppData\Local\Temp\ccA255ou.s:21     .text.MX_GPIO_Init:00000000 $t
C:\Users\Kagen\AppData\Local\Temp\ccA255ou.s:27     .text.MX_GPIO_Init:00000000 MX_GPIO_Init
C:\Users\Kagen\AppData\Local\Temp\ccA255ou.s:208    .text.MX_GPIO_Init:000000cc $d

UNDEFINED SYMBOLS
HAL_GPIO_WritePin
HAL_GPIO_Init
